<?xml version="1.0" encoding="UTF-8"?>
<testsuite xmlns:xsi="http://www.w3.org/2001/XMLSchema-instance" xsi:noNamespaceSchemaLocation="https://maven.apache.org/surefire/maven-surefire-plugin/xsd/surefire-test-report.xsd" name="test.java.TestRover" time="0.029" tests="4" errors="0" skipped="0" failures="0">
  <properties>
[...]
</properties>
  <testcase name="test_rover_program_execution" classname="test.java.TestRover" time="0.013"/>
  <testcase name="test_movement" classname="test.java.TestRover" time="0.003"/>
  <testcase name="test_main" classname="test.java.TestRover" time="0.005"/>
  <testcase name="test_direction" classname="test.java.TestRover" time="0.001"/>
</testsuite>